= 

= 

= 

= 

? cannot open or parse 'games/nicklas/nicklas8.sgf'

=805 Q16

? cannot open or parse 'games/nicklas/nicklas8.sgf'

=809 Q16

? cannot open or parse 'games/nicklas/nicklas8.sgf'

=812 Q16

? cannot open or parse 'games/nicklas/nicklas11.sgf'

=1102 Q16

? cannot open or parse 'games/nicklas/nicklas11.sgf'

=1103 Q16

? cannot open or parse 'games/nicklas/nicklas12.sgf'

=1201 Q16

? cannot open or parse 'games/nicklas/nicklas12.sgf'

=1205 Q16

? cannot open or parse 'games/nicklas/nicklas12.sgf'

?1215 vertex must not be empty

? cannot open or parse 'games/nicklas/nicklas15.sgf'

=1501 Q16

=10002 0

